<?xml version="1.0" ?>
<testsuites disabled="0" errors="0" failures="0" tests="1" time="1.1349887847900390625">
	<testsuite disabled="0" errors="0" failures="0" name="localhost-ecy9t7y8" skipped="0" tests="1" time="1.1349887847900390625">
		<testcase classname="" name="[testhost] testhost: Gathering Facts" time="1.134988784790039">
			<system-out>{
&quot;ansible_facts&quot;: {
&quot;ansible_apparmor&quot;: {
&quot;status&quot;: &quot;disabled&quot;
},
&quot;ansible_architecture&quot;: &quot;x86_64&quot;,
&quot;ansible_bios_date&quot;: &quot;04/01/2014&quot;,
&quot;ansible_bios_vendor&quot;: &quot;SeaBIOS&quot;,
&quot;ansible_bios_version&quot;: &quot;1.16.0-1.fc36&quot;,
&quot;ansible_board_asset_tag&quot;: &quot;NA&quot;,
&quot;ansible_board_name&quot;: &quot;NA&quot;,
&quot;ansible_board_serial&quot;: &quot;NA&quot;,
&quot;ansible_board_vendor&quot;: &quot;NA&quot;,
&quot;ansible_board_version&quot;: &quot;NA&quot;,
&quot;ansible_chassis_asset_tag&quot;: &quot;NA&quot;,
&quot;ansible_chassis_serial&quot;: &quot;NA&quot;,
&quot;ansible_chassis_vendor&quot;: &quot;QEMU&quot;,
&quot;ansible_chassis_version&quot;: &quot;pc-q35-6.2&quot;,
&quot;ansible_cmdline&quot;: {
&quot;BOOT_IMAGE&quot;: &quot;(hd0,msdos1)/vmlinuz-6.3.7-100.fc37.x86_64&quot;,
&quot;quiet&quot;: true,
&quot;rd.lvm.lv&quot;: &quot;vmws03-root/root00&quot;,
&quot;rhgb&quot;: true,
&quot;ro&quot;: true,
&quot;root&quot;: &quot;/dev/mapper/vmws03--root-root00&quot;
},
&quot;ansible_date_time&quot;: {
&quot;date&quot;: &quot;2023-06-20&quot;,
&quot;day&quot;: &quot;20&quot;,
&quot;epoch&quot;: &quot;1687246527&quot;,
&quot;epoch_int&quot;: &quot;1687246527&quot;,
&quot;hour&quot;: &quot;07&quot;,
&quot;iso8601&quot;: &quot;2023-06-20T07:35:27Z&quot;,
&quot;iso8601_basic&quot;: &quot;20230620T073527113323&quot;,
&quot;iso8601_basic_short&quot;: &quot;20230620T073527&quot;,
&quot;iso8601_micro&quot;: &quot;2023-06-20T07:35:27.113323Z&quot;,
&quot;minute&quot;: &quot;35&quot;,
&quot;month&quot;: &quot;06&quot;,
&quot;second&quot;: &quot;27&quot;,
&quot;time&quot;: &quot;07:35:27&quot;,
&quot;tz&quot;: &quot;UTC&quot;,
&quot;tz_dst&quot;: &quot;UTC&quot;,
&quot;tz_offset&quot;: &quot;+0000&quot;,
&quot;weekday&quot;: &quot;Tuesday&quot;,
&quot;weekday_number&quot;: &quot;2&quot;,
&quot;weeknumber&quot;: &quot;25&quot;,
&quot;year&quot;: &quot;2023&quot;
},
&quot;ansible_device_links&quot;: {
&quot;ids&quot;: {},
&quot;labels&quot;: {},
&quot;masters&quot;: {
&quot;vda2&quot;: [
&quot;dm-1&quot;
],
&quot;vdb1&quot;: [
&quot;dm-0&quot;
]
},
&quot;uuids&quot;: {}
},
&quot;ansible_devices&quot;: {
&quot;dm-0&quot;: {
&quot;holders&quot;: [],
&quot;host&quot;: &quot;&quot;,
&quot;links&quot;: {
&quot;ids&quot;: [],
&quot;labels&quot;: [],
&quot;masters&quot;: [],
&quot;uuids&quot;: []
},
&quot;model&quot;: null,
&quot;partitions&quot;: {},
&quot;removable&quot;: &quot;0&quot;,
&quot;rotational&quot;: &quot;1&quot;,
&quot;sas_address&quot;: null,
&quot;sas_device_handle&quot;: null,
&quot;scheduler_mode&quot;: &quot;&quot;,
&quot;sectors&quot;: &quot;62382080&quot;,
&quot;sectorsize&quot;: &quot;512&quot;,
&quot;size&quot;: &quot;29.75 GB&quot;,
&quot;support_discard&quot;: &quot;512&quot;,
&quot;vendor&quot;: null,
&quot;virtual&quot;: 1
},
&quot;dm-1&quot;: {
&quot;holders&quot;: [],
&quot;host&quot;: &quot;&quot;,
&quot;links&quot;: {
&quot;ids&quot;: [],
&quot;labels&quot;: [],
&quot;masters&quot;: [],
&quot;uuids&quot;: []
},
&quot;model&quot;: null,
&quot;partitions&quot;: {},
&quot;removable&quot;: &quot;0&quot;,
&quot;rotational&quot;: &quot;1&quot;,
&quot;sas_address&quot;: null,
&quot;sas_device_handle&quot;: null,
&quot;scheduler_mode&quot;: &quot;&quot;,
&quot;sectors&quot;: &quot;39837696&quot;,
&quot;sectorsize&quot;: &quot;512&quot;,
&quot;size&quot;: &quot;19.00 GB&quot;,
&quot;support_discard&quot;: &quot;512&quot;,
&quot;vendor&quot;: null,
&quot;virtual&quot;: 1
},
&quot;vda&quot;: {
&quot;holders&quot;: [],
&quot;host&quot;: &quot;&quot;,
&quot;links&quot;: {
&quot;ids&quot;: [],
&quot;labels&quot;: [],
&quot;masters&quot;: [],
&quot;uuids&quot;: []
},
&quot;model&quot;: null,
&quot;partitions&quot;: {
&quot;vda1&quot;: {
&quot;holders&quot;: [],
&quot;links&quot;: {
&quot;ids&quot;: [],
&quot;labels&quot;: [],
&quot;masters&quot;: [],
&quot;uuids&quot;: []
},
&quot;sectors&quot;: &quot;2097152&quot;,
&quot;sectorsize&quot;: 512,
&quot;size&quot;: &quot;1.00 GB&quot;,
&quot;start&quot;: &quot;2048&quot;,
&quot;uuid&quot;: null
},
&quot;vda2&quot;: {
&quot;holders&quot;: [
&quot;vmws03--home-home00&quot;
],
&quot;links&quot;: {
&quot;ids&quot;: [],
&quot;labels&quot;: [],
&quot;masters&quot;: [
&quot;dm-1&quot;
],
&quot;uuids&quot;: []
},
&quot;sectors&quot;: &quot;39843840&quot;,
&quot;sectorsize&quot;: 512,
&quot;size&quot;: &quot;19.00 GB&quot;,
&quot;start&quot;: &quot;2099200&quot;,
&quot;uuid&quot;: null
}
},
&quot;removable&quot;: &quot;0&quot;,
&quot;rotational&quot;: &quot;1&quot;,
&quot;sas_address&quot;: null,
&quot;sas_device_handle&quot;: null,
&quot;scheduler_mode&quot;: &quot;none&quot;,
&quot;sectors&quot;: &quot;41943040&quot;,
&quot;sectorsize&quot;: &quot;512&quot;,
&quot;size&quot;: &quot;20.00 GB&quot;,
&quot;support_discard&quot;: &quot;512&quot;,
&quot;vendor&quot;: &quot;0x1af4&quot;,
&quot;virtual&quot;: 1
},
&quot;vdb&quot;: {
&quot;holders&quot;: [],
&quot;host&quot;: &quot;&quot;,
&quot;links&quot;: {
&quot;ids&quot;: [],
&quot;labels&quot;: [],
&quot;masters&quot;: [],
&quot;uuids&quot;: []
},
&quot;model&quot;: null,
&quot;partitions&quot;: {
&quot;vdb1&quot;: {
&quot;holders&quot;: [
&quot;vmws03--root-root00&quot;
],
&quot;links&quot;: {
&quot;ids&quot;: [],
&quot;labels&quot;: [],
&quot;masters&quot;: [
&quot;dm-0&quot;
],
&quot;uuids&quot;: []
},
&quot;sectors&quot;: &quot;62388224&quot;,
&quot;sectorsize&quot;: 512,
&quot;size&quot;: &quot;29.75 GB&quot;,
&quot;start&quot;: &quot;2048&quot;,
&quot;uuid&quot;: null
}
},
&quot;removable&quot;: &quot;0&quot;,
&quot;rotational&quot;: &quot;1&quot;,
&quot;sas_address&quot;: null,
&quot;sas_device_handle&quot;: null,
&quot;scheduler_mode&quot;: &quot;none&quot;,
&quot;sectors&quot;: &quot;62914560&quot;,
&quot;sectorsize&quot;: &quot;512&quot;,
&quot;size&quot;: &quot;30.00 GB&quot;,
&quot;support_discard&quot;: &quot;512&quot;,
&quot;vendor&quot;: &quot;0x1af4&quot;,
&quot;virtual&quot;: 1
},
&quot;zram0&quot;: {
&quot;holders&quot;: [],
&quot;host&quot;: &quot;&quot;,
&quot;links&quot;: {
&quot;ids&quot;: [],
&quot;labels&quot;: [],
&quot;masters&quot;: [],
&quot;uuids&quot;: []
},
&quot;model&quot;: null,
&quot;partitions&quot;: {},
&quot;removable&quot;: &quot;0&quot;,
&quot;rotational&quot;: &quot;0&quot;,
&quot;sas_address&quot;: null,
&quot;sas_device_handle&quot;: null,
&quot;scheduler_mode&quot;: &quot;&quot;,
&quot;sectors&quot;: &quot;16777216&quot;,
&quot;sectorsize&quot;: &quot;4096&quot;,
&quot;size&quot;: &quot;8.00 GB&quot;,
&quot;support_discard&quot;: &quot;4096&quot;,
&quot;vendor&quot;: null,
&quot;virtual&quot;: 1
}
},
&quot;ansible_distribution&quot;: &quot;Ubuntu&quot;,
&quot;ansible_distribution_file_parsed&quot;: true,
&quot;ansible_distribution_file_path&quot;: &quot;/etc/os-release&quot;,
&quot;ansible_distribution_file_variety&quot;: &quot;Debian&quot;,
&quot;ansible_distribution_major_version&quot;: &quot;20&quot;,
&quot;ansible_distribution_release&quot;: &quot;focal&quot;,
&quot;ansible_distribution_version&quot;: &quot;20.04&quot;,
&quot;ansible_dns&quot;: {
&quot;nameservers&quot;: [
&quot;192.168.1.1&quot;
],
&quot;search&quot;: [
&quot;--&quot;,
&quot;trikorasolutions.net&quot;
]
},
&quot;ansible_domain&quot;: &quot;&quot;,
&quot;ansible_effective_group_id&quot;: 0,
&quot;ansible_effective_user_id&quot;: 0,
&quot;ansible_env&quot;: {
&quot;ANSIBLE_CALLBACKS_ENABLED&quot;: &quot;junit&quot;,
&quot;ANSIBLE_COLLECTIONS_PATH&quot;: &quot;/root&quot;,
&quot;ANSIBLE_CONFIG&quot;: &quot;/root/ansible_collections/snowdrop/cloud_infra/tests/output/.tmp/integration/localhost-y_nfrol3-ÅÑŚÌβŁÈ/tests/integration/integration.cfg&quot;,
&quot;ANSIBLE_DEPRECATION_WARNINGS&quot;: &quot;false&quot;,
&quot;ANSIBLE_DEVEL_WARNING&quot;: &quot;false&quot;,
&quot;ANSIBLE_FORCE_COLOR&quot;: &quot;true&quot;,
&quot;ANSIBLE_FORCE_HANDLERS&quot;: &quot;true&quot;,
&quot;ANSIBLE_HOST_KEY_CHECKING&quot;: &quot;false&quot;,
&quot;ANSIBLE_HOST_PATTERN_MISMATCH&quot;: &quot;error&quot;,
&quot;ANSIBLE_INVENTORY&quot;: &quot;/dev/null&quot;,
&quot;ANSIBLE_LIBRARY&quot;: &quot;/dev/null&quot;,
&quot;ANSIBLE_PLAYBOOK_DIR&quot;: &quot;/root/ansible_collections/snowdrop/cloud_infra/tests/output/.tmp/integration/localhost-y_nfrol3-ÅÑŚÌβŁÈ/tests/integration&quot;,
&quot;ANSIBLE_PYTHON_INTERPRETER&quot;: &quot;/set/ansible_python_interpreter/in/inventory&quot;,
&quot;ANSIBLE_PYTHON_MODULE_RLIMIT_NOFILE&quot;: &quot;1024&quot;,
&quot;ANSIBLE_RETRY_FILES_ENABLED&quot;: &quot;false&quot;,
&quot;ANSIBLE_ROLES_PATH&quot;: &quot;/root/ansible_collections/snowdrop/cloud_infra/tests/output/.tmp/integration/localhost-y_nfrol3-ÅÑŚÌβŁÈ/tests/integration/targets&quot;,
&quot;ANSIBLE_TEST_CI&quot;: &quot;&quot;,
&quot;ANSIBLE_TEST_COVERAGE&quot;: &quot;&quot;,
&quot;ANSIBLE_TEST_PYTHON_INTERPRETER&quot;: &quot;/usr/bin/python3.11&quot;,
&quot;ANSIBLE_TEST_PYTHON_VERSION&quot;: &quot;3.11&quot;,
&quot;ANSIBLE_WORKER_SHUTDOWN_POLL_COUNT&quot;: &quot;100&quot;,
&quot;ANSIBLE_WORKER_SHUTDOWN_POLL_DELAY&quot;: &quot;0.1&quot;,
&quot;HOME&quot;: &quot;/root&quot;,
&quot;INVENTORY_PATH&quot;: &quot;/root/ansible_collections/snowdrop/cloud_infra/tests/output/.tmp/integration/localhost-y_nfrol3-ÅÑŚÌβŁÈ/tests/integration/inventory&quot;,
&quot;JUNIT_OUTPUT_DIR&quot;: &quot;/root/ansible_collections/snowdrop/cloud_infra/tests/output/junit&quot;,
&quot;JUNIT_REPLACE_OUT_OF_TREE_PATH&quot;: &quot;out-of-tree:&quot;,
&quot;JUNIT_TASK_RELATIVE_PATH&quot;: &quot;/root/ansible_collections/snowdrop/cloud_infra/tests/output/.tmp/integration/localhost-y_nfrol3-ÅÑŚÌβŁÈ&quot;,
&quot;LC_ALL&quot;: &quot;en_US.UTF-8&quot;,
&quot;OUTPUT_DIR&quot;: &quot;/root/ansible_collections/snowdrop/cloud_infra/tests/output/.tmp/output_dir&quot;,
&quot;PAGER&quot;: &quot;/bin/cat&quot;,
&quot;PATH&quot;: &quot;/tmp/ansible-test-myz06pwg-injector:/tmp/python-o8v5xstx-ansible:/root/ansible/bin:/usr/local/sbin:/usr/local/bin:/usr/sbin:/usr/bin:/sbin:/bin&quot;,
&quot;PWD&quot;: &quot;/root/ansible_collections/snowdrop/cloud_infra/tests/output/.tmp/integration/localhost-y_nfrol3-ÅÑŚÌβŁÈ/tests/integration&quot;,
&quot;PYTHONPATH&quot;: &quot;/root/ansible/lib&quot;
},
&quot;ansible_fibre_channel_wwn&quot;: [],
&quot;ansible_fips&quot;: false,
&quot;ansible_form_factor&quot;: &quot;Other&quot;,
&quot;ansible_fqdn&quot;: &quot;69145f30e2b1&quot;,
&quot;ansible_hostname&quot;: &quot;69145f30e2b1&quot;,
&quot;ansible_hostnqn&quot;: &quot;&quot;,
&quot;ansible_is_chroot&quot;: false,
&quot;ansible_iscsi_iqn&quot;: &quot;&quot;,
&quot;ansible_kernel&quot;: &quot;6.3.7-100.fc37.x86_64&quot;,
&quot;ansible_kernel_version&quot;: &quot;#1 SMP PREEMPT_DYNAMIC Fri Jun  9 15:21:15 UTC 2023&quot;,
&quot;ansible_loadavg&quot;: {
&quot;15m&quot;: 1.11,
&quot;1m&quot;: 1.46,
&quot;5m&quot;: 1.3
},
&quot;ansible_local&quot;: {},
&quot;ansible_lsb&quot;: {
&quot;codename&quot;: &quot;focal&quot;,
&quot;description&quot;: &quot;Ubuntu 20.04.5 LTS&quot;,
&quot;id&quot;: &quot;Ubuntu&quot;,
&quot;major_release&quot;: &quot;20&quot;,
&quot;release&quot;: &quot;20.04&quot;
},
&quot;ansible_lvm&quot;: &quot;N/A&quot;,
&quot;ansible_machine&quot;: &quot;x86_64&quot;,
&quot;ansible_machine_id&quot;: &quot;3f64efa039d54c7db7846815f31f7eb3&quot;,
&quot;ansible_memfree_mb&quot;: 5664,
&quot;ansible_memory_mb&quot;: {
&quot;nocache&quot;: {
&quot;free&quot;: 9477,
&quot;used&quot;: 2406
},
&quot;real&quot;: {
&quot;free&quot;: 5664,
&quot;total&quot;: 11883,
&quot;used&quot;: 6219
},
&quot;swap&quot;: {
&quot;cached&quot;: 0,
&quot;free&quot;: 8191,
&quot;total&quot;: 8191,
&quot;used&quot;: 0
}
},
&quot;ansible_memtotal_mb&quot;: 11883,
&quot;ansible_mounts&quot;: [
{
&quot;block_available&quot;: 465628,
&quot;block_size&quot;: 4096,
&quot;block_total&quot;: 7631341,
&quot;block_used&quot;: 7165713,
&quot;device&quot;: &quot;/dev/mapper/vmws03--root-root00&quot;,
&quot;fstype&quot;: &quot;ext4&quot;,
&quot;inode_available&quot;: 1514391,
&quot;inode_total&quot;: 1949696,
&quot;inode_used&quot;: 435305,
&quot;mount&quot;: &quot;/etc/resolv.conf&quot;,
&quot;options&quot;: &quot;rw,relatime,bind&quot;,
&quot;size_available&quot;: 1907212288,
&quot;size_total&quot;: 31257972736,
&quot;uuid&quot;: &quot;N/A&quot;
},
{
&quot;block_available&quot;: 465628,
&quot;block_size&quot;: 4096,
&quot;block_total&quot;: 7631341,
&quot;block_used&quot;: 7165713,
&quot;device&quot;: &quot;/dev/mapper/vmws03--root-root00&quot;,
&quot;fstype&quot;: &quot;ext4&quot;,
&quot;inode_available&quot;: 1514391,
&quot;inode_total&quot;: 1949696,
&quot;inode_used&quot;: 435305,
&quot;mount&quot;: &quot;/etc/hostname&quot;,
&quot;options&quot;: &quot;rw,relatime,bind&quot;,
&quot;size_available&quot;: 1907212288,
&quot;size_total&quot;: 31257972736,
&quot;uuid&quot;: &quot;N/A&quot;
},
{
&quot;block_available&quot;: 465628,
&quot;block_size&quot;: 4096,
&quot;block_total&quot;: 7631341,
&quot;block_used&quot;: 7165713,
&quot;device&quot;: &quot;/dev/mapper/vmws03--root-root00&quot;,
&quot;fstype&quot;: &quot;ext4&quot;,
&quot;inode_available&quot;: 1514391,
&quot;inode_total&quot;: 1949696,
&quot;inode_used&quot;: 435305,
&quot;mount&quot;: &quot;/etc/hosts&quot;,
&quot;options&quot;: &quot;rw,relatime,bind&quot;,
&quot;size_available&quot;: 1907212288,
&quot;size_total&quot;: 31257972736,
&quot;uuid&quot;: &quot;N/A&quot;
}
],
&quot;ansible_nodename&quot;: &quot;69145f30e2b1&quot;,
&quot;ansible_os_family&quot;: &quot;Debian&quot;,
&quot;ansible_pkg_mgr&quot;: &quot;apt&quot;,
&quot;ansible_proc_cmdline&quot;: {
&quot;BOOT_IMAGE&quot;: &quot;(hd0,msdos1)/vmlinuz-6.3.7-100.fc37.x86_64&quot;,
&quot;quiet&quot;: true,
&quot;rd.lvm.lv&quot;: &quot;vmws03-root/root00&quot;,
&quot;rhgb&quot;: true,
&quot;ro&quot;: true,
&quot;root&quot;: &quot;/dev/mapper/vmws03--root-root00&quot;
},
&quot;ansible_processor&quot;: [
&quot;0&quot;,
&quot;GenuineIntel&quot;,
&quot;Intel(R) Xeon(R) CPU           X5675  @ 3.07GHz&quot;,
&quot;1&quot;,
&quot;GenuineIntel&quot;,
&quot;Intel(R) Xeon(R) CPU           X5675  @ 3.07GHz&quot;,
&quot;2&quot;,
&quot;GenuineIntel&quot;,
&quot;Intel(R) Xeon(R) CPU           X5675  @ 3.07GHz&quot;,
&quot;3&quot;,
&quot;GenuineIntel&quot;,
&quot;Intel(R) Xeon(R) CPU           X5675  @ 3.07GHz&quot;
],
&quot;ansible_processor_cores&quot;: 1,
&quot;ansible_processor_count&quot;: 4,
&quot;ansible_processor_nproc&quot;: 4,
&quot;ansible_processor_threads_per_core&quot;: 1,
&quot;ansible_processor_vcpus&quot;: 4,
&quot;ansible_product_name&quot;: &quot;Standard PC (Q35 + ICH9, 2009)&quot;,
&quot;ansible_product_serial&quot;: &quot;NA&quot;,
&quot;ansible_product_uuid&quot;: &quot;2f06f9b0-c695-4ba4-8ec4-af940655e341&quot;,
&quot;ansible_product_version&quot;: &quot;pc-q35-6.2&quot;,
&quot;ansible_python&quot;: {
&quot;executable&quot;: &quot;/usr/bin/python3.11&quot;,
&quot;has_sslcontext&quot;: true,
&quot;type&quot;: &quot;cpython&quot;,
&quot;version&quot;: {
&quot;major&quot;: 3,
&quot;micro&quot;: 2,
&quot;minor&quot;: 11,
&quot;releaselevel&quot;: &quot;final&quot;,
&quot;serial&quot;: 0
},
&quot;version_info&quot;: [
3,
11,
2,
&quot;final&quot;,
0
]
},
&quot;ansible_python_version&quot;: &quot;3.11.2&quot;,
&quot;ansible_real_group_id&quot;: 0,
&quot;ansible_real_user_id&quot;: 0,
&quot;ansible_selinux&quot;: {
&quot;status&quot;: &quot;disabled&quot;
},
&quot;ansible_selinux_python_present&quot;: true,
&quot;ansible_service_mgr&quot;: &quot;systemd&quot;,
&quot;ansible_ssh_host_key_ecdsa_public&quot;: &quot;AAAAE2VjZHNhLXNoYTItbmlzdHAyNTYAAAAIbmlzdHAyNTYAAABBBM5KFqx/06Nk8/uzzRFXx4jB0Qq5dBgyGyO8WDVkPu+nt23gfhRPr/6bF7Ddg05GRy266R0J0x1kl8RC53jZxBk=&quot;,
&quot;ansible_ssh_host_key_ecdsa_public_keytype&quot;: &quot;ecdsa-sha2-nistp256&quot;,
&quot;ansible_ssh_host_key_ed25519_public&quot;: &quot;AAAAC3NzaC1lZDI1NTE5AAAAICqvA1LpSMaMJ0mXdxL3y6BQW2AzvNARSmSx4KLZldfs&quot;,
&quot;ansible_ssh_host_key_ed25519_public_keytype&quot;: &quot;ssh-ed25519&quot;,
&quot;ansible_ssh_host_key_rsa_public&quot;: &quot;AAAAB3NzaC1yc2EAAAADAQABAAABgQDpoLTwY7tWGM60VbSXqQIiwTGPYC/rLzdzkhyd0uUNawlKz7K4CE/6DqA7ve+YxCW0xRRTxAy8ulwB7QlZOdhThF0O7GVbtr4YNFglpB0fHRuP865Ey5x22zpTCkwEkpkDZm+cH0ZynAD0lj3b90QuNsxTW6GqcMW8mIHUcsO1/bZP8me9DA5nvYNw0koMA/+BDdS+rPGuJeF8REKw9D23pNoqBuMcGFHk4APgG7cIVgBNhmNrADSHGYP1zavjlMtVUwbUGsv+QfRGXiQDu96eC1iRIlv1rroVHO4YF/zpEXfsqwK4bBiP224FINkj4y5tpVMt7IUcrX9g4NeUPrwrWygH5viLoxAO6lGbOT6Oo8cZtc6z+iFTI1NWHY13T4Zfk90Ti1rQIOZmPQY6Wv19etcIHPq3CbstAdm20Gp52Cdz1R4GcqefqwCNStJXAOL1W+DF9d+eMEfI3YIlYJjvZfsHFAYFPJb29WbWGpOFHhIocjBDeM3NWWe3uSHZq10=&quot;,
&quot;ansible_ssh_host_key_rsa_public_keytype&quot;: &quot;ssh-rsa&quot;,
&quot;ansible_swapfree_mb&quot;: 8191,
&quot;ansible_swaptotal_mb&quot;: 8191,
&quot;ansible_system&quot;: &quot;Linux&quot;,
&quot;ansible_system_capabilities&quot;: &quot;N/A&quot;,
&quot;ansible_system_capabilities_enforced&quot;: &quot;N/A&quot;,
&quot;ansible_system_vendor&quot;: &quot;QEMU&quot;,
&quot;ansible_uptime_seconds&quot;: 4217,
&quot;ansible_user_dir&quot;: &quot;/root&quot;,
&quot;ansible_user_gecos&quot;: &quot;root&quot;,
&quot;ansible_user_gid&quot;: 0,
&quot;ansible_user_id&quot;: &quot;root&quot;,
&quot;ansible_user_shell&quot;: &quot;/bin/bash&quot;,
&quot;ansible_user_uid&quot;: 0,
&quot;ansible_userspace_architecture&quot;: &quot;x86_64&quot;,
&quot;ansible_userspace_bits&quot;: &quot;64&quot;,
&quot;ansible_virtualization_role&quot;: &quot;guest&quot;,
&quot;ansible_virtualization_tech_guest&quot;: [
&quot;container&quot;,
&quot;kvm&quot;,
&quot;docker&quot;
],
&quot;ansible_virtualization_tech_host&quot;: [
&quot;kvm&quot;
],
&quot;ansible_virtualization_type&quot;: &quot;container&quot;,
&quot;gather_subset&quot;: [
&quot;all&quot;
],
&quot;module_setup&quot;: true
},
&quot;changed&quot;: false,
&quot;deprecations&quot;: [],
&quot;warnings&quot;: []
}</system-out>
		</testcase>
	</testsuite>
</testsuites>
