<?xml version="1.0" ?>
<testsuites disabled="0" errors="0" failures="0" tests="4" time="1.8130567073822021484375">
	<testsuite disabled="0" errors="0" failures="0" name="openstack-y4kshf3s" skipped="3" tests="4" time="1.8130567073822021484375">
		<testcase classname="" name="[testhost] testhost: Gathering Facts" time="1.5802204608917236">
			<system-out>{
&quot;ansible_facts&quot;: {
&quot;ansible_all_ipv4_addresses&quot;: [
&quot;192.168.1.117&quot;,
&quot;172.17.0.1&quot;
],
&quot;ansible_all_ipv6_addresses&quot;: [
&quot;fe80::42:6bff:fedf:920b&quot;
],
&quot;ansible_apparmor&quot;: {
&quot;status&quot;: &quot;disabled&quot;
},
&quot;ansible_architecture&quot;: &quot;x86_64&quot;,
&quot;ansible_bios_date&quot;: &quot;04/01/2014&quot;,
&quot;ansible_bios_vendor&quot;: &quot;SeaBIOS&quot;,
&quot;ansible_bios_version&quot;: &quot;1.16.0-1.fc36&quot;,
&quot;ansible_board_asset_tag&quot;: &quot;NA&quot;,
&quot;ansible_board_name&quot;: &quot;NA&quot;,
&quot;ansible_board_serial&quot;: &quot;NA&quot;,
&quot;ansible_board_vendor&quot;: &quot;NA&quot;,
&quot;ansible_board_version&quot;: &quot;NA&quot;,
&quot;ansible_chassis_asset_tag&quot;: &quot;NA&quot;,
&quot;ansible_chassis_serial&quot;: &quot;NA&quot;,
&quot;ansible_chassis_vendor&quot;: &quot;QEMU&quot;,
&quot;ansible_chassis_version&quot;: &quot;pc-q35-6.2&quot;,
&quot;ansible_cmdline&quot;: {
&quot;BOOT_IMAGE&quot;: &quot;(hd0,msdos1)/vmlinuz-6.3.7-100.fc37.x86_64&quot;,
&quot;quiet&quot;: true,
&quot;rd.lvm.lv&quot;: &quot;vmws03-root/root00&quot;,
&quot;rhgb&quot;: true,
&quot;ro&quot;: true,
&quot;root&quot;: &quot;/dev/mapper/vmws03--root-root00&quot;
},
&quot;ansible_date_time&quot;: {
&quot;date&quot;: &quot;2023-06-20&quot;,
&quot;day&quot;: &quot;20&quot;,
&quot;epoch&quot;: &quot;1687247930&quot;,
&quot;epoch_int&quot;: &quot;1687247930&quot;,
&quot;hour&quot;: &quot;09&quot;,
&quot;iso8601&quot;: &quot;2023-06-20T07:58:50Z&quot;,
&quot;iso8601_basic&quot;: &quot;20230620T095850156708&quot;,
&quot;iso8601_basic_short&quot;: &quot;20230620T095850&quot;,
&quot;iso8601_micro&quot;: &quot;2023-06-20T07:58:50.156708Z&quot;,
&quot;minute&quot;: &quot;58&quot;,
&quot;month&quot;: &quot;06&quot;,
&quot;second&quot;: &quot;50&quot;,
&quot;time&quot;: &quot;09:58:50&quot;,
&quot;tz&quot;: &quot;CEST&quot;,
&quot;tz_dst&quot;: &quot;CEST&quot;,
&quot;tz_offset&quot;: &quot;+0200&quot;,
&quot;weekday&quot;: &quot;Tuesday&quot;,
&quot;weekday_number&quot;: &quot;2&quot;,
&quot;weeknumber&quot;: &quot;25&quot;,
&quot;year&quot;: &quot;2023&quot;
},
&quot;ansible_default_ipv4&quot;: {
&quot;address&quot;: &quot;192.168.1.117&quot;,
&quot;alias&quot;: &quot;enp1s0&quot;,
&quot;broadcast&quot;: &quot;192.168.1.255&quot;,
&quot;gateway&quot;: &quot;192.168.1.1&quot;,
&quot;interface&quot;: &quot;enp1s0&quot;,
&quot;macaddress&quot;: &quot;52:54:00:e5:92:0c&quot;,
&quot;mtu&quot;: 1500,
&quot;netmask&quot;: &quot;255.255.255.0&quot;,
&quot;network&quot;: &quot;192.168.1.0&quot;,
&quot;prefix&quot;: &quot;24&quot;,
&quot;type&quot;: &quot;ether&quot;
},
&quot;ansible_default_ipv6&quot;: {},
&quot;ansible_device_links&quot;: {
&quot;ids&quot;: {
&quot;dm-0&quot;: [
&quot;dm-name-vmws03--root-root00&quot;,
&quot;dm-uuid-LVM-IGh03g1X6Lfe9LW07MezKpbn3D72SqK7bTqqH6ltaAsfeb3dn0RQLlKHiz68n5sb&quot;
],
&quot;dm-1&quot;: [
&quot;dm-name-vmws03--home-home00&quot;,
&quot;dm-uuid-LVM-4nzCkNENenlm2TJNd91kmvAoqaYCflEB1YccQV6ZOlO8tXY4a1k7awERffgIkNH5&quot;
],
&quot;vda&quot;: [
&quot;virtio-vmws03-home&quot;
],
&quot;vda1&quot;: [
&quot;virtio-vmws03-home-part1&quot;
],
&quot;vda2&quot;: [
&quot;lvm-pv-uuid-X16SHZ-42rI-1b2C-6rHN-XsAl-AkC1-F2BmDS&quot;,
&quot;virtio-vmws03-home-part2&quot;
],
&quot;vdb&quot;: [
&quot;virtio-vmws03-root&quot;
],
&quot;vdb1&quot;: [
&quot;lvm-pv-uuid-s2oGoS-wqbh-uHta-N2in-CIO8-5p0H-O027zs&quot;,
&quot;virtio-vmws03-root-part1&quot;
]
},
&quot;labels&quot;: {},
&quot;masters&quot;: {
&quot;vda2&quot;: [
&quot;dm-1&quot;
],
&quot;vdb1&quot;: [
&quot;dm-0&quot;
]
},
&quot;uuids&quot;: {
&quot;dm-0&quot;: [
&quot;095d09db-d008-49e7-85ba-b3fc64979053&quot;
],
&quot;dm-1&quot;: [
&quot;0253622f-bcd6-418d-93b3-0df3d12be364&quot;
],
&quot;vda1&quot;: [
&quot;144d5a4d-cca6-4dcf-9bd4-efd18fcda31a&quot;
]
}
},
&quot;ansible_devices&quot;: {
&quot;dm-0&quot;: {
&quot;holders&quot;: [],
&quot;host&quot;: &quot;&quot;,
&quot;links&quot;: {
&quot;ids&quot;: [
&quot;dm-name-vmws03--root-root00&quot;,
&quot;dm-uuid-LVM-IGh03g1X6Lfe9LW07MezKpbn3D72SqK7bTqqH6ltaAsfeb3dn0RQLlKHiz68n5sb&quot;
],
&quot;labels&quot;: [],
&quot;masters&quot;: [],
&quot;uuids&quot;: [
&quot;095d09db-d008-49e7-85ba-b3fc64979053&quot;
]
},
&quot;model&quot;: null,
&quot;partitions&quot;: {},
&quot;removable&quot;: &quot;0&quot;,
&quot;rotational&quot;: &quot;1&quot;,
&quot;sas_address&quot;: null,
&quot;sas_device_handle&quot;: null,
&quot;scheduler_mode&quot;: &quot;&quot;,
&quot;sectors&quot;: &quot;62382080&quot;,
&quot;sectorsize&quot;: &quot;512&quot;,
&quot;size&quot;: &quot;29.75 GB&quot;,
&quot;support_discard&quot;: &quot;512&quot;,
&quot;vendor&quot;: null,
&quot;virtual&quot;: 1
},
&quot;dm-1&quot;: {
&quot;holders&quot;: [],
&quot;host&quot;: &quot;&quot;,
&quot;links&quot;: {
&quot;ids&quot;: [
&quot;dm-name-vmws03--home-home00&quot;,
&quot;dm-uuid-LVM-4nzCkNENenlm2TJNd91kmvAoqaYCflEB1YccQV6ZOlO8tXY4a1k7awERffgIkNH5&quot;
],
&quot;labels&quot;: [],
&quot;masters&quot;: [],
&quot;uuids&quot;: [
&quot;0253622f-bcd6-418d-93b3-0df3d12be364&quot;
]
},
&quot;model&quot;: null,
&quot;partitions&quot;: {},
&quot;removable&quot;: &quot;0&quot;,
&quot;rotational&quot;: &quot;1&quot;,
&quot;sas_address&quot;: null,
&quot;sas_device_handle&quot;: null,
&quot;scheduler_mode&quot;: &quot;&quot;,
&quot;sectors&quot;: &quot;39837696&quot;,
&quot;sectorsize&quot;: &quot;512&quot;,
&quot;size&quot;: &quot;19.00 GB&quot;,
&quot;support_discard&quot;: &quot;512&quot;,
&quot;vendor&quot;: null,
&quot;virtual&quot;: 1
},
&quot;vda&quot;: {
&quot;holders&quot;: [],
&quot;host&quot;: &quot;SCSI storage controller: Red Hat, Inc. Virtio 1.0 block device (rev 01)&quot;,
&quot;links&quot;: {
&quot;ids&quot;: [
&quot;virtio-vmws03-home&quot;
],
&quot;labels&quot;: [],
&quot;masters&quot;: [],
&quot;uuids&quot;: []
},
&quot;model&quot;: null,
&quot;partitions&quot;: {
&quot;vda1&quot;: {
&quot;holders&quot;: [],
&quot;links&quot;: {
&quot;ids&quot;: [
&quot;virtio-vmws03-home-part1&quot;
],
&quot;labels&quot;: [],
&quot;masters&quot;: [],
&quot;uuids&quot;: [
&quot;144d5a4d-cca6-4dcf-9bd4-efd18fcda31a&quot;
]
},
&quot;sectors&quot;: &quot;2097152&quot;,
&quot;sectorsize&quot;: 512,
&quot;size&quot;: &quot;1.00 GB&quot;,
&quot;start&quot;: &quot;2048&quot;,
&quot;uuid&quot;: &quot;144d5a4d-cca6-4dcf-9bd4-efd18fcda31a&quot;
},
&quot;vda2&quot;: {
&quot;holders&quot;: [
&quot;vmws03--home-home00&quot;
],
&quot;links&quot;: {
&quot;ids&quot;: [
&quot;lvm-pv-uuid-X16SHZ-42rI-1b2C-6rHN-XsAl-AkC1-F2BmDS&quot;,
&quot;virtio-vmws03-home-part2&quot;
],
&quot;labels&quot;: [],
&quot;masters&quot;: [
&quot;dm-1&quot;
],
&quot;uuids&quot;: []
},
&quot;sectors&quot;: &quot;39843840&quot;,
&quot;sectorsize&quot;: 512,
&quot;size&quot;: &quot;19.00 GB&quot;,
&quot;start&quot;: &quot;2099200&quot;,
&quot;uuid&quot;: null
}
},
&quot;removable&quot;: &quot;0&quot;,
&quot;rotational&quot;: &quot;1&quot;,
&quot;sas_address&quot;: null,
&quot;sas_device_handle&quot;: null,
&quot;scheduler_mode&quot;: &quot;none&quot;,
&quot;sectors&quot;: &quot;41943040&quot;,
&quot;sectorsize&quot;: &quot;512&quot;,
&quot;size&quot;: &quot;20.00 GB&quot;,
&quot;support_discard&quot;: &quot;512&quot;,
&quot;vendor&quot;: &quot;0x1af4&quot;,
&quot;virtual&quot;: 1
},
&quot;vdb&quot;: {
&quot;holders&quot;: [],
&quot;host&quot;: &quot;SCSI storage controller: Red Hat, Inc. Virtio 1.0 block device (rev 01)&quot;,
&quot;links&quot;: {
&quot;ids&quot;: [
&quot;virtio-vmws03-root&quot;
],
&quot;labels&quot;: [],
&quot;masters&quot;: [],
&quot;uuids&quot;: []
},
&quot;model&quot;: null,
&quot;partitions&quot;: {
&quot;vdb1&quot;: {
&quot;holders&quot;: [
&quot;vmws03--root-root00&quot;
],
&quot;links&quot;: {
&quot;ids&quot;: [
&quot;lvm-pv-uuid-s2oGoS-wqbh-uHta-N2in-CIO8-5p0H-O027zs&quot;,
&quot;virtio-vmws03-root-part1&quot;
],
&quot;labels&quot;: [],
&quot;masters&quot;: [
&quot;dm-0&quot;
],
&quot;uuids&quot;: []
},
&quot;sectors&quot;: &quot;62388224&quot;,
&quot;sectorsize&quot;: 512,
&quot;size&quot;: &quot;29.75 GB&quot;,
&quot;start&quot;: &quot;2048&quot;,
&quot;uuid&quot;: null
}
},
&quot;removable&quot;: &quot;0&quot;,
&quot;rotational&quot;: &quot;1&quot;,
&quot;sas_address&quot;: null,
&quot;sas_device_handle&quot;: null,
&quot;scheduler_mode&quot;: &quot;none&quot;,
&quot;sectors&quot;: &quot;62914560&quot;,
&quot;sectorsize&quot;: &quot;512&quot;,
&quot;size&quot;: &quot;30.00 GB&quot;,
&quot;support_discard&quot;: &quot;512&quot;,
&quot;vendor&quot;: &quot;0x1af4&quot;,
&quot;virtual&quot;: 1
},
&quot;zram0&quot;: {
&quot;holders&quot;: [],
&quot;host&quot;: &quot;&quot;,
&quot;links&quot;: {
&quot;ids&quot;: [],
&quot;labels&quot;: [],
&quot;masters&quot;: [],
&quot;uuids&quot;: []
},
&quot;model&quot;: null,
&quot;partitions&quot;: {},
&quot;removable&quot;: &quot;0&quot;,
&quot;rotational&quot;: &quot;0&quot;,
&quot;sas_address&quot;: null,
&quot;sas_device_handle&quot;: null,
&quot;scheduler_mode&quot;: &quot;&quot;,
&quot;sectors&quot;: &quot;16777216&quot;,
&quot;sectorsize&quot;: &quot;4096&quot;,
&quot;size&quot;: &quot;8.00 GB&quot;,
&quot;support_discard&quot;: &quot;4096&quot;,
&quot;vendor&quot;: null,
&quot;virtual&quot;: 1
}
},
&quot;ansible_distribution&quot;: &quot;Fedora&quot;,
&quot;ansible_distribution_file_parsed&quot;: true,
&quot;ansible_distribution_file_path&quot;: &quot;/etc/redhat-release&quot;,
&quot;ansible_distribution_file_variety&quot;: &quot;RedHat&quot;,
&quot;ansible_distribution_major_version&quot;: &quot;37&quot;,
&quot;ansible_distribution_release&quot;: &quot;&quot;,
&quot;ansible_distribution_version&quot;: &quot;37&quot;,
&quot;ansible_dns&quot;: {
&quot;nameservers&quot;: [
&quot;127.0.0.53&quot;
],
&quot;options&quot;: {
&quot;edns0&quot;: true,
&quot;trust-ad&quot;: true
},
&quot;search&quot;: [
&quot;--&quot;,
&quot;trikorasolutions.net&quot;
]
},
&quot;ansible_docker0&quot;: {
&quot;active&quot;: false,
&quot;device&quot;: &quot;docker0&quot;,
&quot;features&quot;: {
&quot;esp_hw_offload&quot;: &quot;off [fixed]&quot;,
&quot;esp_tx_csum_hw_offload&quot;: &quot;off [fixed]&quot;,
&quot;fcoe_mtu&quot;: &quot;off [fixed]&quot;,
&quot;generic_receive_offload&quot;: &quot;on&quot;,
&quot;generic_segmentation_offload&quot;: &quot;on&quot;,
&quot;highdma&quot;: &quot;on&quot;,
&quot;hsr_dup_offload&quot;: &quot;off [fixed]&quot;,
&quot;hsr_fwd_offload&quot;: &quot;off [fixed]&quot;,
&quot;hsr_tag_ins_offload&quot;: &quot;off [fixed]&quot;,
&quot;hsr_tag_rm_offload&quot;: &quot;off [fixed]&quot;,
&quot;hw_tc_offload&quot;: &quot;off [fixed]&quot;,
&quot;l2_fwd_offload&quot;: &quot;off [fixed]&quot;,
&quot;large_receive_offload&quot;: &quot;off [fixed]&quot;,
&quot;loopback&quot;: &quot;off [fixed]&quot;,
&quot;macsec_hw_offload&quot;: &quot;off [fixed]&quot;,
&quot;netns_local&quot;: &quot;on [fixed]&quot;,
&quot;ntuple_filters&quot;: &quot;off [fixed]&quot;,
&quot;receive_hashing&quot;: &quot;off [fixed]&quot;,
&quot;rx_all&quot;: &quot;off [fixed]&quot;,
&quot;rx_checksumming&quot;: &quot;off [fixed]&quot;,
&quot;rx_fcs&quot;: &quot;off [fixed]&quot;,
&quot;rx_gro_hw&quot;: &quot;off [fixed]&quot;,
&quot;rx_gro_list&quot;: &quot;off&quot;,
&quot;rx_udp_gro_forwarding&quot;: &quot;off&quot;,
&quot;rx_udp_tunnel_port_offload&quot;: &quot;off [fixed]&quot;,
&quot;rx_vlan_filter&quot;: &quot;off [fixed]&quot;,
&quot;rx_vlan_offload&quot;: &quot;off [fixed]&quot;,
&quot;rx_vlan_stag_filter&quot;: &quot;off [fixed]&quot;,
&quot;rx_vlan_stag_hw_parse&quot;: &quot;off [fixed]&quot;,
&quot;scatter_gather&quot;: &quot;on&quot;,
&quot;tcp_segmentation_offload&quot;: &quot;on&quot;,
&quot;tls_hw_record&quot;: &quot;off [fixed]&quot;,
&quot;tls_hw_rx_offload&quot;: &quot;off [fixed]&quot;,
&quot;tls_hw_tx_offload&quot;: &quot;off [fixed]&quot;,
&quot;tx_checksum_fcoe_crc&quot;: &quot;off [fixed]&quot;,
&quot;tx_checksum_ip_generic&quot;: &quot;on&quot;,
&quot;tx_checksum_ipv4&quot;: &quot;off [fixed]&quot;,
&quot;tx_checksum_ipv6&quot;: &quot;off [fixed]&quot;,
&quot;tx_checksum_sctp&quot;: &quot;off [fixed]&quot;,
&quot;tx_checksumming&quot;: &quot;on&quot;,
&quot;tx_esp_segmentation&quot;: &quot;on&quot;,
&quot;tx_fcoe_segmentation&quot;: &quot;on&quot;,
&quot;tx_gre_csum_segmentation&quot;: &quot;on&quot;,
&quot;tx_gre_segmentation&quot;: &quot;on&quot;,
&quot;tx_gso_list&quot;: &quot;on&quot;,
&quot;tx_gso_partial&quot;: &quot;on&quot;,
&quot;tx_gso_robust&quot;: &quot;on&quot;,
&quot;tx_ipxip4_segmentation&quot;: &quot;on&quot;,
&quot;tx_ipxip6_segmentation&quot;: &quot;on&quot;,
&quot;tx_lockless&quot;: &quot;on [fixed]&quot;,
&quot;tx_nocache_copy&quot;: &quot;off&quot;,
&quot;tx_scatter_gather&quot;: &quot;on&quot;,
&quot;tx_scatter_gather_fraglist&quot;: &quot;on&quot;,
&quot;tx_sctp_segmentation&quot;: &quot;on&quot;,
&quot;tx_tcp6_segmentation&quot;: &quot;on&quot;,
&quot;tx_tcp_ecn_segmentation&quot;: &quot;on&quot;,
&quot;tx_tcp_mangleid_segmentation&quot;: &quot;on&quot;,
&quot;tx_tcp_segmentation&quot;: &quot;on&quot;,
&quot;tx_tunnel_remcsum_segmentation&quot;: &quot;on&quot;,
&quot;tx_udp_segmentation&quot;: &quot;on&quot;,
&quot;tx_udp_tnl_csum_segmentation&quot;: &quot;on&quot;,
&quot;tx_udp_tnl_segmentation&quot;: &quot;on&quot;,
&quot;tx_vlan_offload&quot;: &quot;on&quot;,
&quot;tx_vlan_stag_hw_insert&quot;: &quot;on&quot;,
&quot;vlan_challenged&quot;: &quot;off [fixed]&quot;
},
&quot;hw_timestamp_filters&quot;: [],
&quot;id&quot;: &quot;8000.02426bdf920b&quot;,
&quot;interfaces&quot;: [],
&quot;ipv4&quot;: {
&quot;address&quot;: &quot;172.17.0.1&quot;,
&quot;broadcast&quot;: &quot;172.17.255.255&quot;,
&quot;netmask&quot;: &quot;255.255.0.0&quot;,
&quot;network&quot;: &quot;172.17.0.0&quot;,
&quot;prefix&quot;: &quot;16&quot;
},
&quot;ipv6&quot;: [
{
&quot;address&quot;: &quot;fe80::42:6bff:fedf:920b&quot;,
&quot;prefix&quot;: &quot;64&quot;,
&quot;scope&quot;: &quot;link&quot;
}
],
&quot;macaddress&quot;: &quot;02:42:6b:df:92:0b&quot;,
&quot;mtu&quot;: 1500,
&quot;promisc&quot;: false,
&quot;speed&quot;: -1,
&quot;stp&quot;: false,
&quot;timestamping&quot;: [],
&quot;type&quot;: &quot;bridge&quot;
},
&quot;ansible_domain&quot;: &quot;srvbm006.trikorasolutions.net&quot;,
&quot;ansible_effective_group_id&quot;: 1000,
&quot;ansible_effective_user_id&quot;: 1000,
&quot;ansible_enp1s0&quot;: {
&quot;active&quot;: true,
&quot;device&quot;: &quot;enp1s0&quot;,
&quot;features&quot;: {
&quot;esp_hw_offload&quot;: &quot;off [fixed]&quot;,
&quot;esp_tx_csum_hw_offload&quot;: &quot;off [fixed]&quot;,
&quot;fcoe_mtu&quot;: &quot;off [fixed]&quot;,
&quot;generic_receive_offload&quot;: &quot;on&quot;,
&quot;generic_segmentation_offload&quot;: &quot;on&quot;,
&quot;highdma&quot;: &quot;on [fixed]&quot;,
&quot;hsr_dup_offload&quot;: &quot;off [fixed]&quot;,
&quot;hsr_fwd_offload&quot;: &quot;off [fixed]&quot;,
&quot;hsr_tag_ins_offload&quot;: &quot;off [fixed]&quot;,
&quot;hsr_tag_rm_offload&quot;: &quot;off [fixed]&quot;,
&quot;hw_tc_offload&quot;: &quot;off [fixed]&quot;,
&quot;l2_fwd_offload&quot;: &quot;off [fixed]&quot;,
&quot;large_receive_offload&quot;: &quot;off [fixed]&quot;,
&quot;loopback&quot;: &quot;off [fixed]&quot;,
&quot;macsec_hw_offload&quot;: &quot;off [fixed]&quot;,
&quot;netns_local&quot;: &quot;off [fixed]&quot;,
&quot;ntuple_filters&quot;: &quot;off [fixed]&quot;,
&quot;receive_hashing&quot;: &quot;off [fixed]&quot;,
&quot;rx_all&quot;: &quot;off [fixed]&quot;,
&quot;rx_checksumming&quot;: &quot;on [fixed]&quot;,
&quot;rx_fcs&quot;: &quot;off [fixed]&quot;,
&quot;rx_gro_hw&quot;: &quot;on&quot;,
&quot;rx_gro_list&quot;: &quot;off&quot;,
&quot;rx_udp_gro_forwarding&quot;: &quot;off&quot;,
&quot;rx_udp_tunnel_port_offload&quot;: &quot;off [fixed]&quot;,
&quot;rx_vlan_filter&quot;: &quot;on [fixed]&quot;,
&quot;rx_vlan_offload&quot;: &quot;off [fixed]&quot;,
&quot;rx_vlan_stag_filter&quot;: &quot;off [fixed]&quot;,
&quot;rx_vlan_stag_hw_parse&quot;: &quot;off [fixed]&quot;,
&quot;scatter_gather&quot;: &quot;on&quot;,
&quot;tcp_segmentation_offload&quot;: &quot;on&quot;,
&quot;tls_hw_record&quot;: &quot;off [fixed]&quot;,
&quot;tls_hw_rx_offload&quot;: &quot;off [fixed]&quot;,
&quot;tls_hw_tx_offload&quot;: &quot;off [fixed]&quot;,
&quot;tx_checksum_fcoe_crc&quot;: &quot;off [fixed]&quot;,
&quot;tx_checksum_ip_generic&quot;: &quot;on&quot;,
&quot;tx_checksum_ipv4&quot;: &quot;off [fixed]&quot;,
&quot;tx_checksum_ipv6&quot;: &quot;off [fixed]&quot;,
&quot;tx_checksum_sctp&quot;: &quot;off [fixed]&quot;,
&quot;tx_checksumming&quot;: &quot;on&quot;,
&quot;tx_esp_segmentation&quot;: &quot;off [fixed]&quot;,
&quot;tx_fcoe_segmentation&quot;: &quot;off [fixed]&quot;,
&quot;tx_gre_csum_segmentation&quot;: &quot;off [fixed]&quot;,
&quot;tx_gre_segmentation&quot;: &quot;off [fixed]&quot;,
&quot;tx_gso_list&quot;: &quot;off [fixed]&quot;,
&quot;tx_gso_partial&quot;: &quot;off [fixed]&quot;,
&quot;tx_gso_robust&quot;: &quot;on [fixed]&quot;,
&quot;tx_ipxip4_segmentation&quot;: &quot;off [fixed]&quot;,
&quot;tx_ipxip6_segmentation&quot;: &quot;off [fixed]&quot;,
&quot;tx_lockless&quot;: &quot;off [fixed]&quot;,
&quot;tx_nocache_copy&quot;: &quot;off&quot;,
&quot;tx_scatter_gather&quot;: &quot;on&quot;,
&quot;tx_scatter_gather_fraglist&quot;: &quot;off [fixed]&quot;,
&quot;tx_sctp_segmentation&quot;: &quot;off [fixed]&quot;,
&quot;tx_tcp6_segmentation&quot;: &quot;on&quot;,
&quot;tx_tcp_ecn_segmentation&quot;: &quot;on&quot;,
&quot;tx_tcp_mangleid_segmentation&quot;: &quot;off&quot;,
&quot;tx_tcp_segmentation&quot;: &quot;on&quot;,
&quot;tx_tunnel_remcsum_segmentation&quot;: &quot;off [fixed]&quot;,
&quot;tx_udp_segmentation&quot;: &quot;off [fixed]&quot;,
&quot;tx_udp_tnl_csum_segmentation&quot;: &quot;off [fixed]&quot;,
&quot;tx_udp_tnl_segmentation&quot;: &quot;off [fixed]&quot;,
&quot;tx_vlan_offload&quot;: &quot;off [fixed]&quot;,
&quot;tx_vlan_stag_hw_insert&quot;: &quot;off [fixed]&quot;,
&quot;vlan_challenged&quot;: &quot;off [fixed]&quot;
},
&quot;hw_timestamp_filters&quot;: [],
&quot;ipv4&quot;: {
&quot;address&quot;: &quot;192.168.1.117&quot;,
&quot;broadcast&quot;: &quot;192.168.1.255&quot;,
&quot;netmask&quot;: &quot;255.255.255.0&quot;,
&quot;network&quot;: &quot;192.168.1.0&quot;,
&quot;prefix&quot;: &quot;24&quot;
},
&quot;macaddress&quot;: &quot;52:54:00:e5:92:0c&quot;,
&quot;module&quot;: &quot;virtio_net&quot;,
&quot;mtu&quot;: 1500,
&quot;pciid&quot;: &quot;virtio1&quot;,
&quot;promisc&quot;: false,
&quot;speed&quot;: -1,
&quot;timestamping&quot;: [],
&quot;type&quot;: &quot;ether&quot;
},
&quot;ansible_env&quot;: {
&quot;ANSIBLE_CALLBACKS_ENABLED&quot;: &quot;junit&quot;,
&quot;ANSIBLE_COLLECTIONS_PATH&quot;: &quot;/home/ajc102/docs/redhat/forks-github/k8s-infra/ansible&quot;,
&quot;ANSIBLE_CONFIG&quot;: &quot;/home/ajc102/docs/redhat/forks-github/k8s-infra/ansible/ansible_collections/snowdrop/cloud_infra/tests/output/.tmp/integration/openstack-77aw06xu-ÅÑŚÌβŁÈ/tests/integration/integration.cfg&quot;,
&quot;ANSIBLE_DEPRECATION_WARNINGS&quot;: &quot;false&quot;,
&quot;ANSIBLE_DEVEL_WARNING&quot;: &quot;false&quot;,
&quot;ANSIBLE_FORCE_COLOR&quot;: &quot;true&quot;,
&quot;ANSIBLE_FORCE_HANDLERS&quot;: &quot;true&quot;,
&quot;ANSIBLE_HOST_KEY_CHECKING&quot;: &quot;false&quot;,
&quot;ANSIBLE_HOST_PATTERN_MISMATCH&quot;: &quot;error&quot;,
&quot;ANSIBLE_INVENTORY&quot;: &quot;/dev/null&quot;,
&quot;ANSIBLE_LIBRARY&quot;: &quot;/dev/null&quot;,
&quot;ANSIBLE_PLAYBOOK_DIR&quot;: &quot;/home/ajc102/docs/redhat/forks-github/k8s-infra/ansible/ansible_collections/snowdrop/cloud_infra/tests/output/.tmp/integration/openstack-77aw06xu-ÅÑŚÌβŁÈ/tests/integration&quot;,
&quot;ANSIBLE_PYTHON_INTERPRETER&quot;: &quot;/set/ansible_python_interpreter/in/inventory&quot;,
&quot;ANSIBLE_PYTHON_MODULE_RLIMIT_NOFILE&quot;: &quot;1024&quot;,
&quot;ANSIBLE_RETRY_FILES_ENABLED&quot;: &quot;false&quot;,
&quot;ANSIBLE_ROLES_PATH&quot;: &quot;/home/ajc102/docs/redhat/forks-github/k8s-infra/ansible/ansible_collections/snowdrop/cloud_infra/tests/output/.tmp/integration/openstack-77aw06xu-ÅÑŚÌβŁÈ/tests/integration/targets&quot;,
&quot;ANSIBLE_TEST_CI&quot;: &quot;&quot;,
&quot;ANSIBLE_TEST_COVERAGE&quot;: &quot;&quot;,
&quot;ANSIBLE_TEST_PYTHON_INTERPRETER&quot;: &quot;/usr/bin/python3&quot;,
&quot;ANSIBLE_TEST_PYTHON_VERSION&quot;: &quot;3.11&quot;,
&quot;ANSIBLE_WORKER_SHUTDOWN_POLL_COUNT&quot;: &quot;100&quot;,
&quot;ANSIBLE_WORKER_SHUTDOWN_POLL_DELAY&quot;: &quot;0.1&quot;,
&quot;HOME&quot;: &quot;/home/ajc102&quot;,
&quot;INVENTORY_PATH&quot;: &quot;/home/ajc102/docs/redhat/forks-github/k8s-infra/ansible/ansible_collections/snowdrop/cloud_infra/tests/output/.tmp/integration/openstack-77aw06xu-ÅÑŚÌβŁÈ/tests/integration/inventory&quot;,
&quot;JUNIT_OUTPUT_DIR&quot;: &quot;/home/ajc102/docs/redhat/forks-github/k8s-infra/ansible/ansible_collections/snowdrop/cloud_infra/tests/output/junit&quot;,
&quot;JUNIT_REPLACE_OUT_OF_TREE_PATH&quot;: &quot;out-of-tree:&quot;,
&quot;JUNIT_TASK_RELATIVE_PATH&quot;: &quot;/home/ajc102/docs/redhat/forks-github/k8s-infra/ansible/ansible_collections/snowdrop/cloud_infra/tests/output/.tmp/integration/openstack-77aw06xu-ÅÑŚÌβŁÈ&quot;,
&quot;LC_ALL&quot;: &quot;en_US.UTF-8&quot;,
&quot;OUTPUT_DIR&quot;: &quot;/home/ajc102/docs/redhat/forks-github/k8s-infra/ansible/ansible_collections/snowdrop/cloud_infra/tests/output/.tmp/output_dir&quot;,
&quot;PAGER&quot;: &quot;/bin/cat&quot;,
&quot;PATH&quot;: &quot;/tmp/ansible-test-fwecvrb7-injector:/tmp/python-wg7n201c-ansible:/home/ajc102/.local/bin:/home/linuxbrew/.linuxbrew/bin:/home/linuxbrew/.linuxbrew/sbin:/home/ajc102/.sdkman/candidates/java/current/bin:/home/ajc102/.sdkman/candidates/gradle/current/bin:/home/ajc102/.local/bin:/home/ajc102/bin:/usr/local/bin:/usr/local/sbin:/usr/bin:/usr/sbin&quot;,
&quot;PWD&quot;: &quot;/home/ajc102/docs/redhat/forks-github/k8s-infra/ansible/ansible_collections/snowdrop/cloud_infra/tests/output/.tmp/integration/openstack-77aw06xu-ÅÑŚÌβŁÈ/tests/integration&quot;,
&quot;PYTHONPATH&quot;: &quot;/tmp/ansible-test-w7rx3fk3&quot;,
&quot;SHLVL&quot;: &quot;1&quot;,
&quot;SSH_AUTH_SOCK&quot;: &quot;/run/user/1000/keyring/ssh&quot;,
&quot;_&quot;: &quot;/usr/bin/python3&quot;
},
&quot;ansible_fibre_channel_wwn&quot;: [],
&quot;ansible_fips&quot;: false,
&quot;ansible_form_factor&quot;: &quot;Other&quot;,
&quot;ansible_fqdn&quot;: &quot;vmws04f.srvbm006.trikorasolutions.net&quot;,
&quot;ansible_hostname&quot;: &quot;vmws04f&quot;,
&quot;ansible_hostnqn&quot;: &quot;&quot;,
&quot;ansible_interfaces&quot;: [
&quot;docker0&quot;,
&quot;enp1s0&quot;,
&quot;lo&quot;
],
&quot;ansible_is_chroot&quot;: false,
&quot;ansible_iscsi_iqn&quot;: &quot;&quot;,
&quot;ansible_kernel&quot;: &quot;6.3.7-100.fc37.x86_64&quot;,
&quot;ansible_kernel_version&quot;: &quot;#1 SMP PREEMPT_DYNAMIC Fri Jun  9 15:21:15 UTC 2023&quot;,
&quot;ansible_lo&quot;: {
&quot;active&quot;: true,
&quot;device&quot;: &quot;lo&quot;,
&quot;features&quot;: {
&quot;esp_hw_offload&quot;: &quot;off [fixed]&quot;,
&quot;esp_tx_csum_hw_offload&quot;: &quot;off [fixed]&quot;,
&quot;fcoe_mtu&quot;: &quot;off [fixed]&quot;,
&quot;generic_receive_offload&quot;: &quot;on&quot;,
&quot;generic_segmentation_offload&quot;: &quot;on&quot;,
&quot;highdma&quot;: &quot;on [fixed]&quot;,
&quot;hsr_dup_offload&quot;: &quot;off [fixed]&quot;,
&quot;hsr_fwd_offload&quot;: &quot;off [fixed]&quot;,
&quot;hsr_tag_ins_offload&quot;: &quot;off [fixed]&quot;,
&quot;hsr_tag_rm_offload&quot;: &quot;off [fixed]&quot;,
&quot;hw_tc_offload&quot;: &quot;off [fixed]&quot;,
&quot;l2_fwd_offload&quot;: &quot;off [fixed]&quot;,
&quot;large_receive_offload&quot;: &quot;off [fixed]&quot;,
&quot;loopback&quot;: &quot;on [fixed]&quot;,
&quot;macsec_hw_offload&quot;: &quot;off [fixed]&quot;,
&quot;netns_local&quot;: &quot;on [fixed]&quot;,
&quot;ntuple_filters&quot;: &quot;off [fixed]&quot;,
&quot;receive_hashing&quot;: &quot;off [fixed]&quot;,
&quot;rx_all&quot;: &quot;off [fixed]&quot;,
&quot;rx_checksumming&quot;: &quot;on [fixed]&quot;,
&quot;rx_fcs&quot;: &quot;off [fixed]&quot;,
&quot;rx_gro_hw&quot;: &quot;off [fixed]&quot;,
&quot;rx_gro_list&quot;: &quot;off&quot;,
&quot;rx_udp_gro_forwarding&quot;: &quot;off&quot;,
&quot;rx_udp_tunnel_port_offload&quot;: &quot;off [fixed]&quot;,
&quot;rx_vlan_filter&quot;: &quot;off [fixed]&quot;,
&quot;rx_vlan_offload&quot;: &quot;off [fixed]&quot;,
&quot;rx_vlan_stag_filter&quot;: &quot;off [fixed]&quot;,
&quot;rx_vlan_stag_hw_parse&quot;: &quot;off [fixed]&quot;,
&quot;scatter_gather&quot;: &quot;on&quot;,
&quot;tcp_segmentation_offload&quot;: &quot;on&quot;,
&quot;tls_hw_record&quot;: &quot;off [fixed]&quot;,
&quot;tls_hw_rx_offload&quot;: &quot;off [fixed]&quot;,
&quot;tls_hw_tx_offload&quot;: &quot;off [fixed]&quot;,
&quot;tx_checksum_fcoe_crc&quot;: &quot;off [fixed]&quot;,
&quot;tx_checksum_ip_generic&quot;: &quot;on [fixed]&quot;,
&quot;tx_checksum_ipv4&quot;: &quot;off [fixed]&quot;,
&quot;tx_checksum_ipv6&quot;: &quot;off [fixed]&quot;,
&quot;tx_checksum_sctp&quot;: &quot;on [fixed]&quot;,
&quot;tx_checksumming&quot;: &quot;on&quot;,
&quot;tx_esp_segmentation&quot;: &quot;off [fixed]&quot;,
&quot;tx_fcoe_segmentation&quot;: &quot;off [fixed]&quot;,
&quot;tx_gre_csum_segmentation&quot;: &quot;off [fixed]&quot;,
&quot;tx_gre_segmentation&quot;: &quot;off [fixed]&quot;,
&quot;tx_gso_list&quot;: &quot;on&quot;,
&quot;tx_gso_partial&quot;: &quot;off [fixed]&quot;,
&quot;tx_gso_robust&quot;: &quot;off [fixed]&quot;,
&quot;tx_ipxip4_segmentation&quot;: &quot;off [fixed]&quot;,
&quot;tx_ipxip6_segmentation&quot;: &quot;off [fixed]&quot;,
&quot;tx_lockless&quot;: &quot;on [fixed]&quot;,
&quot;tx_nocache_copy&quot;: &quot;off [fixed]&quot;,
&quot;tx_scatter_gather&quot;: &quot;on [fixed]&quot;,
&quot;tx_scatter_gather_fraglist&quot;: &quot;on [fixed]&quot;,
&quot;tx_sctp_segmentation&quot;: &quot;on&quot;,
&quot;tx_tcp6_segmentation&quot;: &quot;on&quot;,
&quot;tx_tcp_ecn_segmentation&quot;: &quot;on&quot;,
&quot;tx_tcp_mangleid_segmentation&quot;: &quot;on&quot;,
&quot;tx_tcp_segmentation&quot;: &quot;on&quot;,
&quot;tx_tunnel_remcsum_segmentation&quot;: &quot;off [fixed]&quot;,
&quot;tx_udp_segmentation&quot;: &quot;on&quot;,
&quot;tx_udp_tnl_csum_segmentation&quot;: &quot;off [fixed]&quot;,
&quot;tx_udp_tnl_segmentation&quot;: &quot;off [fixed]&quot;,
&quot;tx_vlan_offload&quot;: &quot;off [fixed]&quot;,
&quot;tx_vlan_stag_hw_insert&quot;: &quot;off [fixed]&quot;,
&quot;vlan_challenged&quot;: &quot;on [fixed]&quot;
},
&quot;hw_timestamp_filters&quot;: [],
&quot;ipv4&quot;: {
&quot;address&quot;: &quot;127.0.0.1&quot;,
&quot;broadcast&quot;: &quot;&quot;,
&quot;netmask&quot;: &quot;255.0.0.0&quot;,
&quot;network&quot;: &quot;127.0.0.0&quot;,
&quot;prefix&quot;: &quot;8&quot;
},
&quot;ipv6&quot;: [
{
&quot;address&quot;: &quot;::1&quot;,
&quot;prefix&quot;: &quot;128&quot;,
&quot;scope&quot;: &quot;host&quot;
}
],
&quot;mtu&quot;: 65536,
&quot;promisc&quot;: false,
&quot;timestamping&quot;: [],
&quot;type&quot;: &quot;loopback&quot;
},
&quot;ansible_loadavg&quot;: {
&quot;15m&quot;: 1.29296875,
&quot;1m&quot;: 1.40380859375,
&quot;5m&quot;: 1.2978515625
},
&quot;ansible_local&quot;: {},
&quot;ansible_locally_reachable_ips&quot;: {
&quot;ipv4&quot;: [
&quot;127.0.0.0/8&quot;,
&quot;127.0.0.1&quot;,
&quot;172.17.0.1&quot;,
&quot;192.168.1.117&quot;
],
&quot;ipv6&quot;: [
&quot;::1&quot;,
&quot;fe80::42:6bff:fedf:920b&quot;
]
},
&quot;ansible_lsb&quot;: {
&quot;codename&quot;: &quot;ThirtySeven&quot;,
&quot;description&quot;: &quot;Fedora release 37 (Thirty Seven)&quot;,
&quot;id&quot;: &quot;Fedora&quot;,
&quot;major_release&quot;: &quot;37&quot;,
&quot;release&quot;: &quot;37&quot;
},
&quot;ansible_lvm&quot;: &quot;N/A&quot;,
&quot;ansible_machine&quot;: &quot;x86_64&quot;,
&quot;ansible_machine_id&quot;: &quot;e74b764704994f5792e80877f50c945b&quot;,
&quot;ansible_memfree_mb&quot;: 5628,
&quot;ansible_memory_mb&quot;: {
&quot;nocache&quot;: {
&quot;free&quot;: 9448,
&quot;used&quot;: 2435
},
&quot;real&quot;: {
&quot;free&quot;: 5628,
&quot;total&quot;: 11883,
&quot;used&quot;: 6255
},
&quot;swap&quot;: {
&quot;cached&quot;: 0,
&quot;free&quot;: 8191,
&quot;total&quot;: 8191,
&quot;used&quot;: 0
}
},
&quot;ansible_memtotal_mb&quot;: 11883,
&quot;ansible_mounts&quot;: [
{
&quot;block_available&quot;: 471753,
&quot;block_size&quot;: 4096,
&quot;block_total&quot;: 7631341,
&quot;block_used&quot;: 7159588,
&quot;device&quot;: &quot;/dev/mapper/vmws03--root-root00&quot;,
&quot;fstype&quot;: &quot;ext4&quot;,
&quot;inode_available&quot;: 1516214,
&quot;inode_total&quot;: 1949696,
&quot;inode_used&quot;: 433482,
&quot;mount&quot;: &quot;/&quot;,
&quot;options&quot;: &quot;rw,relatime&quot;,
&quot;size_available&quot;: 1932300288,
&quot;size_total&quot;: 31257972736,
&quot;uuid&quot;: &quot;095d09db-d008-49e7-85ba-b3fc64979053&quot;
},
{
&quot;block_available&quot;: 157871,
&quot;block_size&quot;: 4096,
&quot;block_total&quot;: 249195,
&quot;block_used&quot;: 91324,
&quot;device&quot;: &quot;/dev/vda1&quot;,
&quot;fstype&quot;: &quot;ext4&quot;,
&quot;inode_available&quot;: 65074,
&quot;inode_total&quot;: 65536,
&quot;inode_used&quot;: 462,
&quot;mount&quot;: &quot;/boot&quot;,
&quot;options&quot;: &quot;rw,relatime&quot;,
&quot;size_available&quot;: 646639616,
&quot;size_total&quot;: 1020702720,
&quot;uuid&quot;: &quot;144d5a4d-cca6-4dcf-9bd4-efd18fcda31a&quot;
},
{
&quot;block_available&quot;: 547326,
&quot;block_size&quot;: 4096,
&quot;block_total&quot;: 4857508,
&quot;block_used&quot;: 4310182,
&quot;device&quot;: &quot;/dev/mapper/vmws03--home-home00&quot;,
&quot;fstype&quot;: &quot;ext4&quot;,
&quot;inode_available&quot;: 969730,
&quot;inode_total&quot;: 1245184,
&quot;inode_used&quot;: 275454,
&quot;mount&quot;: &quot;/home&quot;,
&quot;options&quot;: &quot;rw,relatime&quot;,
&quot;size_available&quot;: 2241847296,
&quot;size_total&quot;: 19896352768,
&quot;uuid&quot;: &quot;0253622f-bcd6-418d-93b3-0df3d12be364&quot;
}
],
&quot;ansible_nodename&quot;: &quot;vmws04f.srvbm006.trikorasolutions.net&quot;,
&quot;ansible_os_family&quot;: &quot;RedHat&quot;,
&quot;ansible_pkg_mgr&quot;: &quot;dnf&quot;,
&quot;ansible_proc_cmdline&quot;: {
&quot;BOOT_IMAGE&quot;: &quot;(hd0,msdos1)/vmlinuz-6.3.7-100.fc37.x86_64&quot;,
&quot;quiet&quot;: true,
&quot;rd.lvm.lv&quot;: &quot;vmws03-root/root00&quot;,
&quot;rhgb&quot;: true,
&quot;ro&quot;: true,
&quot;root&quot;: &quot;/dev/mapper/vmws03--root-root00&quot;
},
&quot;ansible_processor&quot;: [
&quot;0&quot;,
&quot;GenuineIntel&quot;,
&quot;Intel(R) Xeon(R) CPU           X5675  @ 3.07GHz&quot;,
&quot;1&quot;,
&quot;GenuineIntel&quot;,
&quot;Intel(R) Xeon(R) CPU           X5675  @ 3.07GHz&quot;,
&quot;2&quot;,
&quot;GenuineIntel&quot;,
&quot;Intel(R) Xeon(R) CPU           X5675  @ 3.07GHz&quot;,
&quot;3&quot;,
&quot;GenuineIntel&quot;,
&quot;Intel(R) Xeon(R) CPU           X5675  @ 3.07GHz&quot;
],
&quot;ansible_processor_cores&quot;: 1,
&quot;ansible_processor_count&quot;: 4,
&quot;ansible_processor_nproc&quot;: 4,
&quot;ansible_processor_threads_per_core&quot;: 1,
&quot;ansible_processor_vcpus&quot;: 4,
&quot;ansible_product_name&quot;: &quot;Standard PC (Q35 + ICH9, 2009)&quot;,
&quot;ansible_product_serial&quot;: &quot;NA&quot;,
&quot;ansible_product_uuid&quot;: &quot;NA&quot;,
&quot;ansible_product_version&quot;: &quot;pc-q35-6.2&quot;,
&quot;ansible_python&quot;: {
&quot;executable&quot;: &quot;/usr/bin/python3&quot;,
&quot;has_sslcontext&quot;: true,
&quot;type&quot;: &quot;cpython&quot;,
&quot;version&quot;: {
&quot;major&quot;: 3,
&quot;micro&quot;: 3,
&quot;minor&quot;: 11,
&quot;releaselevel&quot;: &quot;final&quot;,
&quot;serial&quot;: 0
},
&quot;version_info&quot;: [
3,
11,
3,
&quot;final&quot;,
0
]
},
&quot;ansible_python_version&quot;: &quot;3.11.3&quot;,
&quot;ansible_real_group_id&quot;: 1000,
&quot;ansible_real_user_id&quot;: 1000,
&quot;ansible_selinux&quot;: {
&quot;status&quot;: &quot;disabled&quot;
},
&quot;ansible_selinux_python_present&quot;: true,
&quot;ansible_service_mgr&quot;: &quot;systemd&quot;,
&quot;ansible_ssh_host_key_ecdsa_public&quot;: &quot;AAAAE2VjZHNhLXNoYTItbmlzdHAyNTYAAAAIbmlzdHAyNTYAAABBBNz/K7nnhRUkwsanOg0DDz1YklKa4g+S0rVHX7B3+clyh/b0GFr3xhCGFqynvIAfSdAssf31aOi8Sp3hQxA4MBY=&quot;,
&quot;ansible_ssh_host_key_ecdsa_public_keytype&quot;: &quot;ecdsa-sha2-nistp256&quot;,
&quot;ansible_ssh_host_key_ed25519_public&quot;: &quot;AAAAC3NzaC1lZDI1NTE5AAAAIIjIXRBsESkrXWXfcv3pGcU98ZbamOBVum8wVdz8oqw0&quot;,
&quot;ansible_ssh_host_key_ed25519_public_keytype&quot;: &quot;ssh-ed25519&quot;,
&quot;ansible_ssh_host_key_rsa_public&quot;: &quot;AAAAB3NzaC1yc2EAAAADAQABAAABgQC98YwEkpSMT451AkIpSzn4cFm/Rdobr2mnuWxk3aRpYbe3UhTogGZD809MhO/5+/aEee+Fn6z3YY9tgmHN3GrVAJAIKeRzqJ1YRiqi+zsETTrnAnvbnJzJN4W79RbhqpN9EQV0Ec4CvsbDZR2ZC3TrXrWU+4BSgYh4CDJAVCOXBLu9b0uubxSeUQGmQ0IfdMmIJ+sSpt9pOJHae6UoF3jBlQoH3+xR/NlsvLOqPuWo3CwmPwKBOdUX+zbgpgcCklrXIezIv2+Jlqmko/FZSe9zFLjc8EZOxxN/9aIV1SRAT0LfU5fev5+LrVjAAK4Un14eW3RmPim8bV6CBHpVg9z0ty6GF2pWEpzfyZLgT4grM6DGhNv22Xox9dRhiMIegXO1Eqv1jTNqXzizICnnbLjyAxevvpv6a3hk5eK1oinvhdlx2v0E7z91mv6WIL2XUtUEAB7HrWElLNVRVVtPbjGgiVXjRJmR/VshNCAjDhDXblYrxacP2/GQtHyGoRcsGVU=&quot;,
&quot;ansible_ssh_host_key_rsa_public_keytype&quot;: &quot;ssh-rsa&quot;,
&quot;ansible_swapfree_mb&quot;: 8191,
&quot;ansible_swaptotal_mb&quot;: 8191,
&quot;ansible_system&quot;: &quot;Linux&quot;,
&quot;ansible_system_capabilities&quot;: [
&quot;&quot;
],
&quot;ansible_system_capabilities_enforced&quot;: &quot;True&quot;,
&quot;ansible_system_vendor&quot;: &quot;QEMU&quot;,
&quot;ansible_uptime_seconds&quot;: 5621,
&quot;ansible_user_dir&quot;: &quot;/home/ajc102&quot;,
&quot;ansible_user_gecos&quot;: &quot;tech01&quot;,
&quot;ansible_user_gid&quot;: 1000,
&quot;ansible_user_id&quot;: &quot;ajc102&quot;,
&quot;ansible_user_shell&quot;: &quot;/bin/bash&quot;,
&quot;ansible_user_uid&quot;: 1000,
&quot;ansible_userspace_architecture&quot;: &quot;x86_64&quot;,
&quot;ansible_userspace_bits&quot;: &quot;64&quot;,
&quot;ansible_virtualization_role&quot;: &quot;guest&quot;,
&quot;ansible_virtualization_tech_guest&quot;: [
&quot;kvm&quot;
],
&quot;ansible_virtualization_tech_host&quot;: [
&quot;kvm&quot;
],
&quot;ansible_virtualization_type&quot;: &quot;kvm&quot;,
&quot;gather_subset&quot;: [
&quot;all&quot;
],
&quot;module_setup&quot;: true
},
&quot;changed&quot;: false,
&quot;deprecations&quot;: [],
&quot;warnings&quot;: []
}</system-out>
		</testcase>
		<testcase classname="out-of-tree:main.yml:2" name="[testhost] testhost: snowdrop.cloud_infra.openstack : Print required information msg=['vm_name: {{ vm_name }}']" time="0.07456088066101074">
			<skipped>Conditional result was False</skipped>
		</testcase>
		<testcase classname="out-of-tree:main.yml:8" name="[testhost] testhost: snowdrop.cloud_infra.openstack : include_tasks _raw_params=vm_create.yml" time="0.08322644233703613">
			<skipped>Conditional result was False</skipped>
		</testcase>
		<testcase classname="out-of-tree:main.yml:11" name="[testhost] testhost: snowdrop.cloud_infra.openstack : include_tasks _raw_params=vm_remove.yml" time="0.07504892349243164">
			<skipped>Conditional result was False</skipped>
		</testcase>
	</testsuite>
</testsuites>
